{"/Users/claudiavamesu/chicago-art/src/constants.ts": {"path":"/Users/claudiavamesu/chicago-art/src/constants.ts","statementMap":{"0":{"start":{"line":1,"column":13},"end":{"line":1,"column":63}},"1":{"start":{"line":2,"column":13},"end":{"line":2,"column":57}}},"fnMap":{},"branchMap":{},"s":{"0":3,"1":3},"f":{},"b":{}}
,"/Users/claudiavamesu/chicago-art/src/components/ArtCard.tsx": {"path":"/Users/claudiavamesu/chicago-art/src/components/ArtCard.tsx","statementMap":{"0":{"start":{"line":12,"column":0},"end":{"line":12,"column":16}},"1":{"start":{"line":1,"column":0},"end":{"line":1,"column":64}},"2":{"start":{"line":17,"column":2},"end":{"line":36,"column":4}}},"fnMap":{"0":{"name":"ArtCard","decl":{"start":{"line":12,"column":16},"end":{"line":12,"column":23}},"loc":{"start":{"line":16,"column":15},"end":{"line":37,"column":1}}}},"branchMap":{"0":{"loc":{"start":{"line":21,"column":7},"end":{"line":30,"column":null}},"type":"cond-expr","locations":[{"start":{"line":22,"column":8},"end":{"line":25,"column":null}},{"start":{"line":28,"column":8},"end":{"line":28,"column":null}}]},"1":{"loc":{"start":{"line":24,"column":15},"end":{"line":24,"column":35}},"type":"binary-expr","locations":[{"start":{"line":24,"column":15},"end":{"line":24,"column":22}},{"start":{"line":24,"column":26},"end":{"line":24,"column":35}}]}},"s":{"0":2,"1":2,"2":3},"f":{"0":3},"b":{"0":[3,0],"1":[3,0]}}
,"/Users/claudiavamesu/chicago-art/src/hooks/useGetArtCollection.ts": {"path":"/Users/claudiavamesu/chicago-art/src/hooks/useGetArtCollection.ts","statementMap":{"0":{"start":{"line":36,"column":0},"end":{"line":36,"column":16}},"1":{"start":{"line":1,"column":0},"end":{"line":1,"column":49}},"2":{"start":{"line":2,"column":0},"end":{"line":2,"column":26}},"3":{"start":{"line":29,"column":18},"end":{"line":34,"column":1}},"4":{"start":{"line":30,"column":19},"end":{"line":31,"column":null}},"5":{"start":{"line":33,"column":2},"end":{"line":33,"column":23}},"6":{"start":{"line":37,"column":4},"end":{"line":44,"column":7}},"7":{"start":{"line":39,"column":21},"end":{"line":39,"column":36}}},"fnMap":{"0":{"name":"(anonymous_0)","decl":{"start":{"line":29,"column":18},"end":{"line":29,"column":23}},"loc":{"start":{"line":29,"column":64},"end":{"line":34,"column":1}}},"1":{"name":"useGetArtCollection","decl":{"start":{"line":36,"column":16},"end":{"line":36,"column":35}},"loc":{"start":{"line":36,"column":48},"end":{"line":45,"column":1}}},"2":{"name":"(anonymous_2)","decl":{"start":{"line":39,"column":15},"end":{"line":39,"column":18}},"loc":{"start":{"line":39,"column":21},"end":{"line":39,"column":36}}}},"branchMap":{},"s":{"0":1,"1":1,"2":1,"3":1,"4":1,"5":0,"6":1,"7":1},"f":{"0":1,"1":1,"2":1},"b":{}}
,"/Users/claudiavamesu/chicago-art/src/pages/AllArt.tsx": {"path":"/Users/claudiavamesu/chicago-art/src/pages/AllArt.tsx","statementMap":{"0":{"start":{"line":6,"column":0},"end":{"line":6,"column":24}},"1":{"start":{"line":1,"column":0},"end":{"line":1,"column":40}},"2":{"start":{"line":2,"column":0},"end":{"line":2,"column":48}},"3":{"start":{"line":3,"column":0},"end":{"line":3,"column":67}},"4":{"start":{"line":4,"column":0},"end":{"line":4,"column":33}},"5":{"start":{"line":7,"column":40},"end":{"line":7,"column":51}},"6":{"start":{"line":8,"column":37},"end":{"line":8,"column":69}},"7":{"start":{"line":10,"column":25},"end":{"line":14,"column":3}},"8":{"start":{"line":11,"column":4},"end":{"line":13,"column":5}},"9":{"start":{"line":12,"column":6},"end":{"line":12,"column":38}},"10":{"start":{"line":16,"column":25},"end":{"line":20,"column":3}},"11":{"start":{"line":17,"column":4},"end":{"line":19,"column":5}},"12":{"start":{"line":18,"column":6},"end":{"line":18,"column":38}},"13":{"start":{"line":22,"column":2},"end":{"line":22,"column":50}},"14":{"start":{"line":22,"column":13},"end":{"line":22,"column":50}},"15":{"start":{"line":23,"column":24},"end":{"line":23,"column":76}},"16":{"start":{"line":23,"column":57},"end":{"line":23,"column":70}},"17":{"start":{"line":25,"column":2},"end":{"line":73,"column":4}},"18":{"start":{"line":37,"column":12},"end":{"line":50,"column":14}}},"fnMap":{"0":{"name":"AllArt","decl":{"start":{"line":6,"column":24},"end":{"line":6,"column":30}},"loc":{"start":{"line":6,"column":30},"end":{"line":74,"column":1}}},"1":{"name":"(anonymous_1)","decl":{"start":{"line":10,"column":25},"end":{"line":10,"column":28}},"loc":{"start":{"line":10,"column":30},"end":{"line":14,"column":3}}},"2":{"name":"(anonymous_2)","decl":{"start":{"line":16,"column":25},"end":{"line":16,"column":28}},"loc":{"start":{"line":16,"column":30},"end":{"line":20,"column":3}}},"3":{"name":"(anonymous_3)","decl":{"start":{"line":23,"column":48},"end":{"line":23,"column":49}},"loc":{"start":{"line":23,"column":57},"end":{"line":23,"column":70}}},"4":{"name":"(anonymous_4)","decl":{"start":{"line":36,"column":28},"end":{"line":36,"column":29}},"loc":{"start":{"line":36,"column":43},"end":{"line":51,"column":11}}}},"branchMap":{"0":{"loc":{"start":{"line":11,"column":4},"end":{"line":13,"column":5}},"type":"if","locations":[{"start":{"line":11,"column":4},"end":{"line":13,"column":5}}]},"1":{"loc":{"start":{"line":11,"column":8},"end":{"line":11,"column":57}},"type":"binary-expr","locations":[{"start":{"line":11,"column":8},"end":{"line":11,"column":12}},{"start":{"line":11,"column":16},"end":{"line":11,"column":57}}]},"2":{"loc":{"start":{"line":17,"column":4},"end":{"line":19,"column":5}},"type":"if","locations":[{"start":{"line":17,"column":4},"end":{"line":19,"column":5}}]},"3":{"loc":{"start":{"line":22,"column":2},"end":{"line":22,"column":50}},"type":"if","locations":[{"start":{"line":22,"column":2},"end":{"line":22,"column":50}}]},"4":{"loc":{"start":{"line":23,"column":24},"end":{"line":23,"column":76}},"type":"cond-expr","locations":[{"start":{"line":23,"column":31},"end":{"line":23,"column":71}},{"start":{"line":23,"column":74},"end":{"line":23,"column":76}}]},"5":{"loc":{"start":{"line":33,"column":8},"end":{"line":33,"column":38}},"type":"binary-expr","locations":[{"start":{"line":33,"column":8},"end":{"line":33,"column":17}},{"start":{"line":33,"column":21},"end":{"line":33,"column":38}}]},"6":{"loc":{"start":{"line":35,"column":9},"end":{"line":51,"column":12}},"type":"binary-expr","locations":[{"start":{"line":35,"column":9},"end":{"line":35,"column":22}},{"start":{"line":36,"column":10},"end":{"line":51,"column":12}}]}},"s":{"0":2,"1":2,"2":2,"3":2,"4":2,"5":5,"6":5,"7":5,"8":0,"9":0,"10":5,"11":0,"12":0,"13":5,"14":1,"15":4,"16":3,"17":4,"18":3},"f":{"0":5,"1":0,"2":0,"3":3,"4":3},"b":{"0":[0],"1":[0,0],"2":[0],"3":[1],"4":[3,1],"5":[4,2],"6":[4,4]}}
,"/Users/claudiavamesu/chicago-art/src/pages/ArtDetails.tsx": {"path":"/Users/claudiavamesu/chicago-art/src/pages/ArtDetails.tsx","statementMap":{"0":{"start":{"line":6,"column":0},"end":{"line":6,"column":24}},"1":{"start":{"line":1,"column":0},"end":{"line":1,"column":63}},"2":{"start":{"line":3,"column":0},"end":{"line":3,"column":64}},"3":{"start":{"line":4,"column":0},"end":{"line":4,"column":48}},"4":{"start":{"line":7,"column":19},"end":{"line":7,"column":32}},"5":{"start":{"line":8,"column":14},"end":{"line":8,"column":57}},"6":{"start":{"line":9,"column":2},"end":{"line":9,"column":26}},"7":{"start":{"line":11,"column":2},"end":{"line":13,"column":3}},"8":{"start":{"line":12,"column":4},"end":{"line":12,"column":46}},"9":{"start":{"line":15,"column":2},"end":{"line":56,"column":4}}},"fnMap":{"0":{"name":"ArtDetails","decl":{"start":{"line":6,"column":24},"end":{"line":6,"column":34}},"loc":{"start":{"line":6,"column":34},"end":{"line":57,"column":1}}}},"branchMap":{"0":{"loc":{"start":{"line":11,"column":2},"end":{"line":13,"column":3}},"type":"if","locations":[{"start":{"line":11,"column":2},"end":{"line":13,"column":3}}]},"1":{"loc":{"start":{"line":22,"column":13},"end":{"line":22,"column":49}},"type":"binary-expr","locations":[{"start":{"line":22,"column":13},"end":{"line":22,"column":36}},{"start":{"line":22,"column":40},"end":{"line":22,"column":49}}]},"2":{"loc":{"start":{"line":36,"column":11},"end":{"line":36,"column":62}},"type":"binary-expr","locations":[{"start":{"line":36,"column":11},"end":{"line":36,"column":26}},{"start":{"line":36,"column":30},"end":{"line":36,"column":62}}]}},"s":{"0":1,"1":1,"2":1,"3":1,"4":3,"5":3,"6":3,"7":3,"8":1,"9":2},"f":{"0":3},"b":{"0":[1],"1":[2,0],"2":[2,2]}}
,"/Users/claudiavamesu/chicago-art/src/pages/Home.tsx": {"path":"/Users/claudiavamesu/chicago-art/src/pages/Home.tsx","statementMap":{"0":{"start":{"line":3,"column":0},"end":{"line":3,"column":24}},"1":{"start":{"line":1,"column":0},"end":{"line":1,"column":40}},"2":{"start":{"line":4,"column":2},"end":{"line":67,"column":4}}},"fnMap":{"0":{"name":"Home","decl":{"start":{"line":3,"column":24},"end":{"line":3,"column":28}},"loc":{"start":{"line":3,"column":28},"end":{"line":68,"column":1}}}},"branchMap":{},"s":{"0":1,"1":1,"2":2},"f":{"0":2},"b":{}}
}
