TN:
SF:src/constants.ts
FNF:0
FNH:0
DA:1,3
DA:2,3
LF:2
LH:2
BRF:0
BRH:0
end_of_record
TN:
SF:src/components/ArtCard.tsx
FN:12,ArtCard
FNF:1
FNH:1
FNDA:3,ArtCard
DA:1,2
DA:12,2
DA:17,3
LF:3
LH:3
BRDA:21,0,0,3
BRDA:21,0,1,0
BRDA:24,1,0,3
BRDA:24,1,1,0
BRF:4
BRH:2
end_of_record
TN:
SF:src/hooks/useGetArtCollection.ts
FN:29,(anonymous_0)
FN:36,useGetArtCollection
FN:39,(anonymous_2)
FNF:3
FNH:3
FNDA:1,(anonymous_0)
FNDA:1,useGetArtCollection
FNDA:1,(anonymous_2)
DA:1,1
DA:2,1
DA:29,1
DA:30,1
DA:33,0
DA:36,1
DA:37,1
DA:39,1
LF:8
LH:7
BRF:0
BRH:0
end_of_record
TN:
SF:src/pages/AllArt.tsx
FN:6,AllArt
FN:10,(anonymous_1)
FN:16,(anonymous_2)
FN:23,(anonymous_3)
FN:36,(anonymous_4)
FNF:5
FNH:3
FNDA:5,AllArt
FNDA:0,(anonymous_1)
FNDA:0,(anonymous_2)
FNDA:3,(anonymous_3)
FNDA:3,(anonymous_4)
DA:1,2
DA:2,2
DA:3,2
DA:4,2
DA:6,2
DA:7,5
DA:8,5
DA:10,5
DA:11,0
DA:12,0
DA:16,5
DA:17,0
DA:18,0
DA:22,5
DA:23,4
DA:25,4
DA:37,3
LF:17
LH:13
BRDA:11,0,0,0
BRDA:11,1,0,0
BRDA:11,1,1,0
BRDA:17,2,0,0
BRDA:22,3,0,1
BRDA:23,4,0,3
BRDA:23,4,1,1
BRDA:33,5,0,4
BRDA:33,5,1,2
BRDA:35,6,0,4
BRDA:35,6,1,4
BRF:11
BRH:7
end_of_record
TN:
SF:src/pages/ArtDetails.tsx
FN:6,ArtDetails
FNF:1
FNH:1
FNDA:3,ArtDetails
DA:1,1
DA:3,1
DA:4,1
DA:6,1
DA:7,3
DA:8,3
DA:9,3
DA:11,3
DA:12,1
DA:15,2
LF:10
LH:10
BRDA:11,0,0,1
BRDA:22,1,0,2
BRDA:22,1,1,0
BRDA:36,2,0,2
BRDA:36,2,1,2
BRF:5
BRH:4
end_of_record
TN:
SF:src/pages/Home.tsx
FN:3,Home
FNF:1
FNH:1
FNDA:2,Home
DA:1,1
DA:3,1
DA:4,2
LF:3
LH:3
BRF:0
BRH:0
end_of_record
